<?xml version="1.0" ?>
<!DOCTYPE coverage SYSTEM "http://cobertura.sourceforge.net/xml/coverage-04.dtd">
<coverage lines-valid="2122" lines-covered="1063" line-rate="0.5009" branches-valid="915" branches-covered="364" branch-rate="0.3978" timestamp="1711532242730" complexity="0" version="0.1">
  <sources>
    <source>C:\Users\DELL\Desktop\doc\evershop123</source>
  </sources>
  <packages>
    <package name="evershop.bin.extension" line-rate="0.3333" branch-rate="0">
      <classes>
        <class name="index.js" filename="packages\evershop\bin\extension\index.js" line-rate="0.3333" branch-rate="0">
          <methods>
            <method name="loadExtensions" hits="0" signature="()V">
              <lines>
                <line number="10" hits="0"/>
              </lines>
            </method>
            <method name="(anonymous_1)" hits="0" signature="()V">
              <lines>
                <line number="14" hits="0"/>
              </lines>
            </method>
            <method name="(anonymous_2)" hits="0" signature="()V">
              <lines>
                <line number="16" hits="0"/>
              </lines>
            </method>
            <method name="(anonymous_3)" hits="0" signature="()V">
              <lines>
                <line number="17" hits="0"/>
              </lines>
            </method>
            <method name="(anonymous_4)" hits="0" signature="()V">
              <lines>
                <line number="39" hits="0"/>
              </lines>
            </method>
            <method name="getEnabledExtensions" hits="0" signature="()V">
              <lines>
                <line number="44" hits="0"/>
              </lines>
            </method>
          </methods>
          <lines>
            <line number="1" hits="6" branch="false"/>
            <line number="2" hits="6" branch="false"/>
            <line number="3" hits="6" branch="false"/>
            <line number="4" hits="6" branch="false"/>
            <line number="5" hits="6" branch="false"/>
            <line number="6" hits="6" branch="false"/>
            <line number="8" hits="6" branch="false"/>
            <line number="11" hits="0" branch="false"/>
            <line number="12" hits="0" branch="false"/>
            <line number="13" hits="0" branch="false"/>
            <line number="14" hits="0" branch="false"/>
            <line number="15" hits="0" branch="true" condition-coverage="0% (0/2)"/>
            <line number="16" hits="0" branch="true" condition-coverage="0% (0/2)"/>
            <line number="17" hits="0" branch="false"/>
            <line number="19" hits="0" branch="false"/>
            <line number="23" hits="0" branch="true" condition-coverage="0% (0/2)"/>
            <line number="27" hits="0" branch="false"/>
            <line number="32" hits="0" branch="false"/>
            <line number="39" hits="0" branch="false"/>
            <line number="41" hits="0" branch="false"/>
            <line number="44" hits="6" branch="false"/>
            <line number="45" hits="0" branch="true" condition-coverage="0% (0/2)"/>
            <line number="46" hits="0" branch="false"/>
            <line number="48" hits="0" branch="false"/>
          </lines>
        </class>
      </classes>
    </package>
    <package name="evershop.bin.lib" line-rate="0.49090000000000006" branch-rate="0.315">
      <classes>
        <class name="addDefaultMiddlewareFuncs.js" filename="packages\evershop\bin\lib\addDefaultMiddlewareFuncs.js" line-rate="0.4838" branch-rate="0.315">
          <methods>
            <method name="addDefaultMiddlewareFuncs" hits="6" signature="()V">
              <lines>
                <line number="40" hits="6"/>
              </lines>
            </method>
            <method name="(anonymous_1)" hits="6" signature="()V">
              <lines>
                <line number="44" hits="6"/>
              </lines>
            </method>
            <method name="(anonymous_2)" hits="6" signature="()V">
              <lines>
                <line number="47" hits="6"/>
              </lines>
            </method>
            <method name="(anonymous_3)" hits="60" signature="()V">
              <lines>
                <line number="50" hits="60"/>
              </lines>
            </method>
            <method name="(anonymous_4)" hits="6" signature="()V">
              <lines>
                <line number="102" hits="6"/>
              </lines>
            </method>
            <method name="findRoute" hits="0" signature="()V">
              <lines>
                <line number="114" hits="0"/>
              </lines>
            </method>
            <method name="(anonymous_6)" hits="0" signature="()V">
              <lines>
                <line number="126" hits="0"/>
              </lines>
            </method>
            <method name="(anonymous_7)" hits="0" signature="()V">
              <lines>
                <line number="127" hits="0"/>
              </lines>
            </method>
            <method name="(anonymous_8)" hits="0" signature="()V">
              <lines>
                <line number="131" hits="0"/>
              </lines>
            </method>
            <method name="(anonymous_9)" hits="0" signature="()V">
              <lines>
                <line number="133" hits="0"/>
              </lines>
            </method>
            <method name="(anonymous_10)" hits="54" signature="()V">
              <lines>
                <line number="138" hits="54"/>
              </lines>
            </method>
            <method name="(anonymous_11)" hits="5" signature="()V">
              <lines>
                <line number="139" hits="5"/>
              </lines>
            </method>
            <method name="(anonymous_12)" hits="54" signature="()V">
              <lines>
                <line number="144" hits="54"/>
              </lines>
            </method>
            <method name="(anonymous_13)" hits="5" signature="()V">
              <lines>
                <line number="168" hits="5"/>
              </lines>
            </method>
            <method name="(anonymous_14)" hits="6" signature="()V">
              <lines>
                <line number="188" hits="6"/>
              </lines>
            </method>
            <method name="(anonymous_15)" hits="0" signature="()V">
              <lines>
                <line number="208" hits="0"/>
              </lines>
            </method>
            <method name="(anonymous_16)" hits="0" signature="()V">
              <lines>
                <line number="216" hits="0"/>
              </lines>
            </method>
            <method name="(anonymous_17)" hits="0" signature="()V">
              <lines>
                <line number="236" hits="0"/>
              </lines>
            </method>
            <method name="(anonymous_18)" hits="0" signature="()V">
              <lines>
                <line number="242" hits="0"/>
              </lines>
            </method>
            <method name="(anonymous_19)" hits="0" signature="()V">
              <lines>
                <line number="260" hits="0"/>
              </lines>
            </method>
            <method name="(anonymous_20)" hits="0" signature="()V">
              <lines>
                <line number="265" hits="0"/>
              </lines>
            </method>
            <method name="(anonymous_21)" hits="0" signature="()V">
              <lines>
                <line number="277" hits="0"/>
              </lines>
            </method>
            <method name="(anonymous_22)" hits="0" signature="()V">
              <lines>
                <line number="283" hits="0"/>
              </lines>
            </method>
            <method name="(anonymous_23)" hits="0" signature="()V">
              <lines>
                <line number="293" hits="0"/>
              </lines>
            </method>
            <method name="(anonymous_24)" hits="0" signature="()V">
              <lines>
                <line number="298" hits="0"/>
              </lines>
            </method>
            <method name="(anonymous_25)" hits="0" signature="()V">
              <lines>
                <line number="299" hits="0"/>
              </lines>
            </method>
            <method name="(anonymous_26)" hits="0" signature="()V">
              <lines>
                <line number="306" hits="0"/>
              </lines>
            </method>
            <method name="(anonymous_27)" hits="6" signature="()V">
              <lines>
                <line number="323" hits="6"/>
              </lines>
            </method>
            <method name="(anonymous_28)" hits="3" signature="()V">
              <lines>
                <line number="326" hits="3"/>
              </lines>
            </method>
          </methods>
          <lines>
            <line number="2" hits="6" branch="false"/>
            <line number="3" hits="6" branch="false"/>
            <line number="4" hits="6" branch="false"/>
            <line number="5" hits="6" branch="false"/>
            <line number="6" hits="6" branch="false"/>
            <line number="7" hits="6" branch="false"/>
            <line number="8" hits="6" branch="false"/>
            <line number="11" hits="6" branch="false"/>
            <line number="12" hits="6" branch="false"/>
            <line number="15" hits="6" branch="false"/>
            <line number="16" hits="6" branch="false"/>
            <line number="17" hits="6" branch="false"/>
            <line number="18" hits="6" branch="false"/>
            <line number="19" hits="6" branch="false"/>
            <line number="22" hits="6" branch="false"/>
            <line number="25" hits="6" branch="false"/>
            <line number="26" hits="6" branch="false"/>
            <line number="27" hits="6" branch="false"/>
            <line number="30" hits="6" branch="false"/>
            <line number="33" hits="6" branch="false"/>
            <line number="36" hits="6" branch="false"/>
            <line number="38" hits="6" branch="false"/>
            <line number="40" hits="6" branch="false"/>
            <line number="44" hits="6" branch="false"/>
            <line number="45" hits="6" branch="false"/>
            <line number="46" hits="6" branch="false"/>
            <line number="47" hits="6" branch="false"/>
            <line number="49" hits="6" branch="false"/>
            <line number="50" hits="6" branch="false"/>
            <line number="51" hits="60" branch="true" condition-coverage="100% (2/2)"/>
            <line number="56" hits="6" branch="true" condition-coverage="50% (1/2)"/>
            <line number="60" hits="0" branch="false"/>
            <line number="62" hits="6" branch="false"/>
            <line number="66" hits="6" branch="false"/>
            <line number="68" hits="6" branch="false"/>
            <line number="71" hits="6" branch="false"/>
            <line number="72" hits="6" branch="false"/>
            <line number="87" hits="6" branch="true" condition-coverage="50% (1/2)"/>
            <line number="88" hits="0" branch="false"/>
            <line number="89" hits="0" branch="false"/>
            <line number="92" hits="6" branch="false"/>
            <line number="97" hits="6" branch="false"/>
            <line number="102" hits="6" branch="false"/>
            <line number="103" hits="6" branch="false"/>
            <line number="104" hits="6" branch="true" condition-coverage="100% (2/2)"/>
            <line number="106" hits="1" branch="false"/>
            <line number="107" hits="5" branch="true" condition-coverage="50% (1/2)"/>
            <line number="108" hits="0" branch="false"/>
            <line number="110" hits="5" branch="false"/>
            <line number="115" hits="0" branch="true" condition-coverage="0% (0/2)"/>
            <line number="116" hits="0" branch="false"/>
            <line number="118" hits="0" branch="false"/>
            <line number="119" hits="0" branch="true" condition-coverage="0% (0/2)"/>
            <line number="124" hits="0" branch="false"/>
            <line number="125" hits="0" branch="false"/>
            <line number="126" hits="0" branch="true" condition-coverage="0% (0/2)"/>
            <line number="127" hits="0" branch="false"/>
            <line number="129" hits="0" branch="true" condition-coverage="0% (0/2)"/>
            <line number="130" hits="0" branch="false"/>
            <line number="131" hits="0" branch="false"/>
            <line number="133" hits="0" branch="false"/>
            <line number="138" hits="6" branch="false"/>
            <line number="139" hits="54" branch="false"/>
            <line number="141" hits="5" branch="false"/>
            <line number="142" hits="5" branch="false"/>
            <line number="144" hits="54" branch="false"/>
            <line number="145" hits="54" branch="true" condition-coverage="33.33333333333333% (2/6)"/>
            <line number="147" hits="48" branch="false"/>
            <line number="148" hits="48" branch="false"/>
            <line number="150" hits="6" branch="false"/>
            <line number="151" hits="6" branch="false"/>
            <line number="153" hits="0" branch="false"/>
            <line number="154" hits="0" branch="false"/>
            <line number="156" hits="0" branch="false"/>
            <line number="157" hits="0" branch="false"/>
            <line number="159" hits="0" branch="false"/>
            <line number="160" hits="0" branch="false"/>
            <line number="162" hits="0" branch="false"/>
            <line number="163" hits="0" branch="false"/>
            <line number="168" hits="54" branch="false"/>
            <line number="170" hits="5" branch="true" condition-coverage="50% (1/2)"/>
            <line number="174" hits="0" branch="false"/>
            <line number="176" hits="5" branch="false"/>
            <line number="181" hits="54" branch="false"/>
            <line number="183" hits="54" branch="false"/>
            <line number="186" hits="6" branch="false"/>
            <line number="188" hits="6" branch="false"/>
            <line number="190" hits="6" branch="false"/>
            <line number="192" hits="6" branch="true" condition-coverage="100% (4/4)"/>
            <line number="193" hits="5" branch="false"/>
            <line number="196" hits="1" branch="true" condition-coverage="50% (1/2)"/>
            <line number="197" hits="1" branch="false"/>
            <line number="201" hits="0" branch="false"/>
            <line number="206" hits="0" branch="true" condition-coverage="0% (0/2)"/>
            <line number="208" hits="0" branch="false"/>
            <line number="209" hits="0" branch="false"/>
            <line number="210" hits="0" branch="false"/>
            <line number="211" hits="0" branch="true" condition-coverage="0% (0/2)"/>
            <line number="212" hits="0" branch="true" condition-coverage="0% (0/2)"/>
            <line number="213" hits="0" branch="false"/>
            <line number="214" hits="0" branch="false"/>
            <line number="215" hits="0" branch="false"/>
            <line number="216" hits="0" branch="false"/>
            <line number="217" hits="0" branch="false"/>
            <line number="219" hits="0" branch="false"/>
            <line number="221" hits="0" branch="false"/>
            <line number="224" hits="0" branch="false"/>
            <line number="226" hits="0" branch="true" condition-coverage="0% (0/4)"/>
            <line number="227" hits="0" branch="false"/>
            <line number="229" hits="0" branch="false"/>
            <line number="231" hits="0" branch="false"/>
            <line number="235" hits="6" branch="true" condition-coverage="50% (1/2)"/>
            <line number="236" hits="0" branch="false"/>
            <line number="237" hits="0" branch="true" condition-coverage="0% (0/2)"/>
            <line number="238" hits="0" branch="false"/>
            <line number="242" hits="0" branch="false"/>
            <line number="243" hits="0" branch="false"/>
            <line number="244" hits="0" branch="true" condition-coverage="0% (0/2)"/>
            <line number="245" hits="0" branch="false"/>
            <line number="246" hits="0" branch="true" condition-coverage="0% (0/2)"/>
            <line number="247" hits="0" branch="false"/>
            <line number="249" hits="0" branch="false"/>
            <line number="251" hits="0" branch="true" condition-coverage="0% (0/2)"/>
            <line number="252" hits="0" branch="false"/>
            <line number="260" hits="0" branch="false"/>
            <line number="262" hits="0" branch="false"/>
            <line number="265" hits="0" branch="false"/>
            <line number="266" hits="0" branch="false"/>
            <line number="268" hits="0" branch="true" condition-coverage="0% (0/2)"/>
            <line number="269" hits="0" branch="false"/>
            <line number="277" hits="0" branch="false"/>
            <line number="279" hits="0" branch="false"/>
            <line number="283" hits="0" branch="false"/>
            <line number="284" hits="0" branch="false"/>
            <line number="286" hits="0" branch="true" condition-coverage="0% (0/2)"/>
            <line number="287" hits="0" branch="false"/>
            <line number="293" hits="0" branch="false"/>
            <line number="295" hits="0" branch="false"/>
            <line number="298" hits="0" branch="false"/>
            <line number="299" hits="0" branch="false"/>
            <line number="300" hits="0" branch="false"/>
            <line number="306" hits="0" branch="false"/>
            <line number="307" hits="0" branch="true" condition-coverage="0% (0/2)"/>
            <line number="308" hits="0" branch="false"/>
            <line number="309" hits="0" branch="true" condition-coverage="0% (0/2)"/>
            <line number="314" hits="0" branch="true" condition-coverage="0% (0/2)"/>
            <line number="315" hits="0" branch="false"/>
            <line number="317" hits="0" branch="false"/>
            <line number="323" hits="6" branch="false"/>
            <line number="324" hits="6" branch="true" condition-coverage="100% (2/2)"/>
            <line number="325" hits="1" branch="false"/>
            <line number="326" hits="3" branch="false"/>
            <line number="327" hits="1" branch="false"/>
            <line number="331" hits="1" branch="false"/>
            <line number="333" hits="5" branch="false"/>
          </lines>
        </class>
        <class name="loadModules.js" filename="packages\evershop\bin\lib\loadModules.js" line-rate="0.6" branch-rate="1">
          <methods>
            <method name="loadModule" hits="0" signature="()V">
              <lines>
                <line number="79" hits="0"/>
              </lines>
            </method>
            <method name="(anonymous_1)" hits="0" signature="()V">
              <lines>
                <line number="81" hits="0"/>
              </lines>
            </method>
            <method name="(anonymous_2)" hits="0" signature="()V">
              <lines>
                <line number="82" hits="0"/>
              </lines>
            </method>
            <method name="getCoreModules" hits="0" signature="()V">
              <lines>
                <line number="88" hits="0"/>
              </lines>
            </method>
          </methods>
          <lines>
            <line number="1" hits="6" branch="false"/>
            <line number="2" hits="6" branch="false"/>
            <line number="4" hits="6" branch="false"/>
            <line number="6" hits="6" branch="false"/>
            <line number="79" hits="6" branch="false"/>
            <line number="80" hits="0" branch="false"/>
            <line number="81" hits="0" branch="false"/>
            <line number="82" hits="0" branch="false"/>
            <line number="88" hits="6" branch="false"/>
            <line number="89" hits="0" branch="false"/>
          </lines>
        </class>
      </classes>
    </package>
    <package name="evershop.src.lib" line-rate="1" branch-rate="1">
      <classes>
        <class name="helpers.js" filename="packages\evershop\src\lib\helpers.js" line-rate="1" branch-rate="1">
          <methods>
          </methods>
          <lines>
            <line number="1" hits="8" branch="false"/>
            <line number="3" hits="8" branch="false"/>
            <line number="5" hits="8" branch="false"/>
          </lines>
        </class>
      </classes>
    </package>
    <package name="evershop.src.lib.componee" line-rate="0.8653" branch-rate="0.6562">
      <classes>
        <class name="getComponentsByRoute.js" filename="packages\evershop\src\lib\componee\getComponentsByRoute.js" line-rate="0.6153" branch-rate="0">
          <methods>
            <method name="getComponentsByRoute" hits="0" signature="()V">
              <lines>
                <line number="11" hits="0"/>
              </lines>
            </method>
          </methods>
          <lines>
            <line number="1" hits="6" branch="false"/>
            <line number="2" hits="6" branch="false"/>
            <line number="3" hits="6" branch="false"/>
            <line number="4" hits="6" branch="false"/>
            <line number="5" hits="6" branch="false"/>
            <line number="6" hits="6" branch="false"/>
            <line number="9" hits="6" branch="false"/>
            <line number="11" hits="6" branch="false"/>
            <line number="12" hits="0" branch="false"/>
            <line number="13" hits="0" branch="false"/>
            <line number="14" hits="0" branch="true" condition-coverage="0% (0/2)"/>
            <line number="15" hits="0" branch="false"/>
            <line number="19" hits="0" branch="false"/>
          </lines>
        </class>
        <class name="scanForComponents.js" filename="packages\evershop\src\lib\componee\scanForComponents.js" line-rate="0.9487000000000001" branch-rate="0.7">
          <methods>
            <method name="scanForComponents" hits="34" signature="()V">
              <lines>
                <line number="8" hits="34"/>
              </lines>
            </method>
            <method name="(anonymous_1)" hits="66" signature="()V">
              <lines>
                <line number="11" hits="66"/>
              </lines>
            </method>
            <method name="(anonymous_2)" hits="66" signature="()V">
              <lines>
                <line number="16" hits="66"/>
              </lines>
            </method>
            <method name="scanRouteComponents" hits="5" signature="()V">
              <lines>
                <line number="19" hits="5"/>
              </lines>
            </method>
            <method name="(anonymous_4)" hits="20" signature="()V">
              <lines>
                <line number="22" hits="20"/>
              </lines>
            </method>
            <method name="(anonymous_5)" hits="40" signature="()V">
              <lines>
                <line number="30" hits="40"/>
              </lines>
            </method>
            <method name="(anonymous_6)" hits="40" signature="()V">
              <lines>
                <line number="31" hits="40"/>
              </lines>
            </method>
            <method name="(anonymous_7)" hits="40" signature="()V">
              <lines>
                <line number="34" hits="40"/>
              </lines>
            </method>
            <method name="(anonymous_8)" hits="61" signature="()V">
              <lines>
                <line number="50" hits="61"/>
              </lines>
            </method>
            <method name="(anonymous_9)" hits="2" signature="()V">
              <lines>
                <line number="64" hits="2"/>
              </lines>
            </method>
            <method name="(anonymous_10)" hits="2" signature="()V">
              <lines>
                <line number="65" hits="2"/>
              </lines>
            </method>
            <method name="(anonymous_11)" hits="2" signature="()V">
              <lines>
                <line number="68" hits="2"/>
              </lines>
            </method>
            <method name="(anonymous_12)" hits="5" signature="()V">
              <lines>
                <line number="84" hits="5"/>
              </lines>
            </method>
          </methods>
          <lines>
            <line number="2" hits="7" branch="false"/>
            <line number="3" hits="7" branch="false"/>
            <line number="6" hits="7" branch="false"/>
            <line number="9" hits="34" branch="false"/>
            <line number="12" hits="66" branch="true" condition-coverage="100% (3/3)"/>
            <line number="16" hits="66" branch="false"/>
            <line number="20" hits="5" branch="false"/>
            <line number="22" hits="5" branch="false"/>
            <line number="24" hits="20" branch="true" condition-coverage="50% (1/2)"/>
            <line number="28" hits="20" branch="true" condition-coverage="50% (1/2)"/>
            <line number="30" hits="40" branch="false"/>
            <line number="31" hits="40" branch="false"/>
            <line number="34" hits="20" branch="false"/>
            <line number="35" hits="40" branch="false"/>
            <line number="36" hits="40" branch="true" condition-coverage="100% (4/4)"/>
            <line number="37" hits="32" branch="false"/>
            <line number="43" hits="40" branch="true" condition-coverage="50% (2/4)"/>
            <line number="44" hits="0" branch="false"/>
            <line number="50" hits="40" branch="false"/>
            <line number="52" hits="61" branch="false"/>
            <line number="53" hits="61" branch="false"/>
            <line number="56" hits="40" branch="false"/>
            <line number="61" hits="5" branch="true" condition-coverage="75% (3/4)"/>
            <line number="62" hits="5" branch="true" condition-coverage="100% (2/2)"/>
            <line number="64" hits="2" branch="false"/>
            <line number="65" hits="2" branch="false"/>
            <line number="68" hits="5" branch="false"/>
            <line number="69" hits="2" branch="false"/>
            <line number="70" hits="2" branch="true" condition-coverage="75% (3/4)"/>
            <line number="71" hits="2" branch="false"/>
            <line number="77" hits="2" branch="true" condition-coverage="50% (2/4)"/>
            <line number="78" hits="0" branch="false"/>
            <line number="84" hits="2" branch="false"/>
            <line number="86" hits="5" branch="false"/>
            <line number="87" hits="5" branch="false"/>
            <line number="90" hits="2" branch="false"/>
            <line number="94" hits="5" branch="false"/>
            <line number="97" hits="7" branch="false"/>
            <line number="98" hits="7" branch="false"/>
          </lines>
        </class>
      </classes>
    </package>
    <package name="evershop.src.lib.locale.translate" line-rate="0.5454" branch-rate="0.46149999999999997">
      <classes>
        <class name="translate.js" filename="packages\evershop\src\lib\locale\translate\translate.js" line-rate="0.5454" branch-rate="0.46149999999999997">
          <methods>
            <method name="translate" hits="6" signature="()V">
              <lines>
                <line number="10" hits="6"/>
              </lines>
            </method>
            <method name="(anonymous_1)" hits="0" signature="()V">
              <lines>
                <line number="18" hits="0"/>
              </lines>
            </method>
            <method name="loadCsv" hits="0" signature="()V">
              <lines>
                <line number="24" hits="0"/>
              </lines>
            </method>
          </methods>
          <lines>
            <line number="3" hits="6" branch="false"/>
            <line number="10" hits="6" branch="true" condition-coverage="100% (1/1)"/>
            <line number="12" hits="6" branch="true" condition-coverage="50% (2/4)"/>
            <line number="14" hits="6" branch="true" condition-coverage="75% (3/4)"/>
            <line number="15" hits="6" branch="false"/>
            <line number="17" hits="0" branch="false"/>
            <line number="18" hits="0" branch="false"/>
            <line number="19" hits="0" branch="true" condition-coverage="0% (0/2)"/>
            <line number="24" hits="6" branch="false"/>
            <line number="26" hits="0" branch="true" condition-coverage="0% (0/2)"/>
            <line number="27" hits="0" branch="false"/>
          </lines>
        </class>
      </classes>
    </package>
    <package name="evershop.src.lib.log" line-rate="0.2978" branch-rate="0.0967">
      <classes>
        <class name="debuger.js" filename="packages\evershop\src\lib\log\debuger.js" line-rate="0.19510000000000002" branch-rate="0.0967">
          <methods>
            <method name="debug" hits="10" signature="()V">
              <lines>
                <line number="5" hits="10"/>
              </lines>
            </method>
            <method name="error" hits="0" signature="()V">
              <lines>
                <line number="45" hits="0"/>
              </lines>
            </method>
            <method name="warning" hits="0" signature="()V">
              <lines>
                <line number="58" hits="0"/>
              </lines>
            </method>
            <method name="info" hits="0" signature="()V">
              <lines>
                <line number="67" hits="0"/>
              </lines>
            </method>
            <method name="success" hits="0" signature="()V">
              <lines>
                <line number="76" hits="0"/>
              </lines>
            </method>
          </methods>
          <lines>
            <line number="1" hits="7" branch="false"/>
            <line number="2" hits="7" branch="false"/>
            <line number="6" hits="10" branch="true" condition-coverage="75% (3/4)"/>
            <line number="7" hits="0" branch="false"/>
            <line number="8" hits="0" branch="false"/>
            <line number="10" hits="0" branch="true" condition-coverage="0% (0/2)"/>
            <line number="11" hits="0" branch="false"/>
            <line number="14" hits="0" branch="true" condition-coverage="0% (0/5)"/>
            <line number="16" hits="0" branch="false"/>
            <line number="17" hits="0" branch="false"/>
            <line number="19" hits="0" branch="false"/>
            <line number="20" hits="0" branch="false"/>
            <line number="22" hits="0" branch="false"/>
            <line number="23" hits="0" branch="false"/>
            <line number="25" hits="0" branch="false"/>
            <line number="26" hits="0" branch="false"/>
            <line number="28" hits="0" branch="false"/>
            <line number="29" hits="0" branch="false"/>
            <line number="33" hits="0" branch="true" condition-coverage="0% (0/4)"/>
            <line number="34" hits="0" branch="false"/>
            <line number="35" hits="0" branch="false"/>
            <line number="39" hits="0" branch="false"/>
            <line number="47" hits="0" branch="true" condition-coverage="0% (0/2)"/>
            <line number="49" hits="0" branch="false"/>
            <line number="50" hits="0" branch="true" condition-coverage="0% (0/2)"/>
            <line number="52" hits="0" branch="false"/>
            <line number="54" hits="0" branch="false"/>
            <line number="59" hits="0" branch="true" condition-coverage="0% (0/4)"/>
            <line number="61" hits="0" branch="false"/>
            <line number="63" hits="0" branch="false"/>
            <line number="68" hits="0" branch="true" condition-coverage="0% (0/4)"/>
            <line number="70" hits="0" branch="false"/>
            <line number="72" hits="0" branch="false"/>
            <line number="77" hits="0" branch="true" condition-coverage="0% (0/4)"/>
            <line number="79" hits="0" branch="false"/>
            <line number="81" hits="0" branch="false"/>
            <line number="85" hits="7" branch="false"/>
            <line number="86" hits="7" branch="false"/>
            <line number="87" hits="7" branch="false"/>
            <line number="88" hits="7" branch="false"/>
            <line number="89" hits="7" branch="false"/>
          </lines>
        </class>
        <class name="logger.js" filename="packages\evershop\src\lib\log\logger.js" line-rate="1" branch-rate="1">
          <methods>
          </methods>
          <lines>
            <line number="1" hits="7" branch="false"/>
            <line number="2" hits="7" branch="false"/>
            <line number="3" hits="7" branch="false"/>
            <line number="5" hits="7" branch="false"/>
            <line number="17" hits="7" branch="false"/>
            <line number="24" hits="7" branch="false"/>
          </lines>
        </class>
      </classes>
    </package>
    <package name="evershop.src.lib.middleware" line-rate="0.8793000000000001" branch-rate="0.8092">
      <classes>
        <class name="Handler.js" filename="packages\evershop\src\lib\middleware\Handler.js" line-rate="0.6805" branch-rate="0.5897">
          <methods>
            <method name="(anonymous_0)" hits="0" signature="()V">
              <lines>
                <line number="15" hits="0"/>
              </lines>
            </method>
            <method name="(anonymous_1)" hits="282" signature="()V">
              <lines>
                <line number="19" hits="282"/>
              </lines>
            </method>
            <method name="(anonymous_2)" hits="0" signature="()V">
              <lines>
                <line number="23" hits="0"/>
              </lines>
            </method>
            <method name="(anonymous_3)" hits="0" signature="()V">
              <lines>
                <line number="27" hits="0"/>
              </lines>
            </method>
            <method name="(anonymous_4)" hits="0" signature="()V">
              <lines>
                <line number="28" hits="0"/>
              </lines>
            </method>
            <method name="(anonymous_5)" hits="8" signature="()V">
              <lines>
                <line number="31" hits="8"/>
              </lines>
            </method>
            <method name="(anonymous_6)" hits="376" signature="()V">
              <lines>
                <line number="38" hits="376"/>
              </lines>
            </method>
            <method name="(anonymous_7)" hits="47" signature="()V">
              <lines>
                <line number="45" hits="47"/>
              </lines>
            </method>
            <method name="(anonymous_8)" hits="329" signature="()V">
              <lines>
                <line number="51" hits="329"/>
              </lines>
            </method>
            <method name="(anonymous_9)" hits="0" signature="()V">
              <lines>
                <line number="59" hits="0"/>
              </lines>
            </method>
            <method name="(anonymous_10)" hits="0" signature="()V">
              <lines>
                <line number="63" hits="0"/>
              </lines>
            </method>
            <method name="(anonymous_11)" hits="0" signature="()V">
              <lines>
                <line number="74" hits="0"/>
              </lines>
            </method>
            <method name="(anonymous_12)" hits="0" signature="()V">
              <lines>
                <line number="76" hits="0"/>
              </lines>
            </method>
            <method name="(anonymous_13)" hits="0" signature="()V">
              <lines>
                <line number="80" hits="0"/>
              </lines>
            </method>
            <method name="(anonymous_14)" hits="0" signature="()V">
              <lines>
                <line number="81" hits="0"/>
              </lines>
            </method>
            <method name="(anonymous_15)" hits="0" signature="()V">
              <lines>
                <line number="84" hits="0"/>
              </lines>
            </method>
            <method name="(anonymous_16)" hits="0" signature="()V">
              <lines>
                <line number="89" hits="0"/>
              </lines>
            </method>
            <method name="(anonymous_17)" hits="60" signature="()V">
              <lines>
                <line number="99" hits="60"/>
              </lines>
            </method>
            <method name="(anonymous_18)" hits="6" signature="()V">
              <lines>
                <line number="100" hits="6"/>
              </lines>
            </method>
            <method name="(anonymous_19)" hits="85" signature="()V">
              <lines>
                <line number="113" hits="85"/>
              </lines>
            </method>
            <method name="(anonymous_20)" hits="85" signature="()V">
              <lines>
                <line number="115" hits="85"/>
              </lines>
            </method>
            <method name="eNext" hits="58" signature="()V">
              <lines>
                <line number="119" hits="58"/>
              </lines>
            </method>
          </methods>
          <lines>
            <line number="1" hits="6" branch="false"/>
            <line number="2" hits="6" branch="false"/>
            <line number="3" hits="6" branch="false"/>
            <line number="4" hits="6" branch="false"/>
            <line number="5" hits="6" branch="false"/>
            <line number="6" hits="6" branch="false"/>
            <line number="7" hits="6" branch="false"/>
            <line number="8" hits="6" branch="false"/>
            <line number="11" hits="6" branch="false"/>
            <line number="13" hits="6" branch="false"/>
            <line number="16" hits="0" branch="false"/>
            <line number="20" hits="282" branch="false"/>
            <line number="24" hits="0" branch="false"/>
            <line number="28" hits="0" branch="false"/>
            <line number="32" hits="8" branch="false"/>
            <line number="33" hits="8" branch="true" condition-coverage="50% (1/2)"/>
            <line number="34" hits="0" branch="false"/>
            <line number="36" hits="8" branch="true" condition-coverage="100% (2/2)"/>
            <line number="37" hits="8" branch="false"/>
            <line number="39" hits="376" branch="true" condition-coverage="100% (3/3)"/>
            <line number="42" hits="8" branch="true" condition-coverage="100% (2/2)"/>
            <line number="43" hits="1" branch="false"/>
            <line number="45" hits="47" branch="true" condition-coverage="100% (2/2)"/>
            <line number="49" hits="7" branch="false"/>
            <line number="51" hits="329" branch="true" condition-coverage="100% (2/2)"/>
            <line number="55" hits="8" branch="false"/>
            <line number="57" hits="8" branch="true" condition-coverage="50% (1/2)"/>
            <line number="58" hits="0" branch="false"/>
            <line number="60" hits="0" branch="true" condition-coverage="0% (0/2)"/>
            <line number="61" hits="0" branch="false"/>
            <line number="62" hits="0" branch="false"/>
            <line number="63" hits="0" branch="false"/>
            <line number="65" hits="0" branch="false"/>
            <line number="69" hits="8" branch="false"/>
            <line number="71" hits="8" branch="false"/>
            <line number="75" hits="0" branch="false"/>
            <line number="76" hits="0" branch="true" condition-coverage="0% (0/2)"/>
            <line number="81" hits="0" branch="false"/>
            <line number="85" hits="0" branch="true" condition-coverage="0% (0/4)"/>
            <line number="86" hits="0" branch="false"/>
            <line number="88" hits="0" branch="false"/>
            <line number="89" hits="0" branch="false"/>
            <line number="90" hits="0" branch="true" condition-coverage="0% (0/2)"/>
            <line number="91" hits="0" branch="false"/>
            <line number="93" hits="0" branch="false"/>
            <line number="100" hits="60" branch="false"/>
            <line number="101" hits="6" branch="false"/>
            <line number="106" hits="6" branch="false"/>
            <line number="108" hits="6" branch="true" condition-coverage="50% (1/2)"/>
            <line number="109" hits="0" branch="false"/>
            <line number="111" hits="6" branch="false"/>
            <line number="113" hits="85" branch="false"/>
            <line number="114" hits="6" branch="false"/>
            <line number="115" hits="85" branch="false"/>
            <line number="117" hits="6" branch="false"/>
            <line number="118" hits="6" branch="false"/>
            <line number="119" hits="6" branch="false"/>
            <line number="120" hits="58" branch="true" condition-coverage="75% (3/4)"/>
            <line number="121" hits="0" branch="false"/>
            <line number="122" hits="58" branch="true" condition-coverage="50% (1/2)"/>
            <line number="124" hits="0" branch="false"/>
            <line number="125" hits="58" branch="true" condition-coverage="100% (2/2)"/>
            <line number="127" hits="2" branch="true" condition-coverage="50% (1/2)"/>
            <line number="128" hits="2" branch="false"/>
            <line number="129" hits="2" branch="false"/>
            <line number="131" hits="2" branch="false"/>
            <line number="134" hits="56" branch="false"/>
            <line number="135" hits="56" branch="false"/>
            <line number="136" hits="56" branch="false"/>
            <line number="140" hits="6" branch="false"/>
            <line number="141" hits="6" branch="false"/>
            <line number="146" hits="6" branch="false"/>
          </lines>
        </class>
        <class name="addMiddleware.js" filename="packages\evershop\src\lib\middleware\addMiddleware.js" line-rate="0.75" branch-rate="0.5">
          <methods>
            <method name="addMiddleware" hits="282" signature="()V">
              <lines>
                <line number="4" hits="282"/>
              </lines>
            </method>
          </methods>
          <lines>
            <line number="1" hits="6" branch="false"/>
            <line number="2" hits="6" branch="false"/>
            <line number="4" hits="6" branch="false"/>
            <line number="5" hits="282" branch="false"/>
            <line number="6" hits="282" branch="true" condition-coverage="50% (1/2)"/>
            <line number="7" hits="282" branch="false"/>
            <line number="9" hits="0" branch="false"/>
            <line number="10" hits="0" branch="false"/>
          </lines>
        </class>
        <class name="async.js" filename="packages\evershop\src\lib\middleware\async.js" line-rate="1" branch-rate="1">
          <methods>
            <method name="asyncMiddlewareWrapper" hits="4" signature="()V">
              <lines>
                <line number="8" hits="4"/>
              </lines>
            </method>
            <method name="(anonymous_1)" hits="1" signature="()V">
              <lines>
                <line number="25" hits="1"/>
              </lines>
            </method>
          </methods>
          <lines>
            <line number="1" hits="7" branch="false"/>
            <line number="2" hits="7" branch="false"/>
            <line number="3" hits="7" branch="false"/>
            <line number="6" hits="7" branch="false"/>
            <line number="8" hits="7" branch="false"/>
            <line number="16" hits="4" branch="false"/>
            <line number="17" hits="4" branch="false"/>
            <line number="20" hits="4" branch="false"/>
            <line number="21" hits="4" branch="false"/>
            <line number="24" hits="4" branch="true" condition-coverage="100% (2/2)"/>
            <line number="25" hits="2" branch="false"/>
            <line number="26" hits="1" branch="false"/>
            <line number="27" hits="1" branch="false"/>
            <line number="28" hits="1" branch="false"/>
            <line number="31" hits="2" branch="false"/>
            <line number="32" hits="2" branch="false"/>
            <line number="33" hits="2" branch="false"/>
            <line number="35" hits="4" branch="false"/>
            <line number="36" hits="4" branch="false"/>
            <line number="39" hits="1" branch="false"/>
            <line number="43" hits="1" branch="false"/>
            <line number="45" hits="1" branch="false"/>
          </lines>
        </class>
        <class name="buildMiddlewareFunction.js" filename="packages\evershop\src\lib\middleware\buildMiddlewareFunction.js" line-rate="0.9333" branch-rate="0.8636">
          <methods>
            <method name="buildMiddlewareFunction" hits="284" signature="()V">
              <lines>
                <line number="25" hits="284"/>
              </lines>
            </method>
            <method name="(anonymous_1)" hits="2" signature="()V">
              <lines>
                <line number="36" hits="2"/>
              </lines>
            </method>
            <method name="(anonymous_2)" hits="62" signature="()V">
              <lines>
                <line number="45" hits="62"/>
              </lines>
            </method>
          </methods>
          <lines>
            <line number="2" hits="7" branch="false"/>
            <line number="3" hits="7" branch="false"/>
            <line number="4" hits="7" branch="false"/>
            <line number="5" hits="7" branch="false"/>
            <line number="6" hits="7" branch="false"/>
            <line number="7" hits="7" branch="false"/>
            <line number="8" hits="7" branch="false"/>
            <line number="9" hits="7" branch="false"/>
            <line number="12" hits="7" branch="false"/>
            <line number="25" hits="7" branch="false"/>
            <line number="26" hits="284" branch="true" condition-coverage="100% (2/2)"/>
            <line number="27" hits="1" branch="false"/>
            <line number="30" hits="283" branch="false"/>
            <line number="35" hits="283" branch="true" condition-coverage="100% (4/4)"/>
            <line number="36" hits="12" branch="false"/>
            <line number="37" hits="2" branch="false"/>
            <line number="38" hits="2" branch="true" condition-coverage="50% (1/2)"/>
            <line number="39" hits="2" branch="false"/>
            <line number="41" hits="0" branch="false"/>
            <line number="45" hits="271" branch="false"/>
            <line number="47" hits="62" branch="true" condition-coverage="50% (2/4)"/>
            <line number="48" hits="0" branch="false"/>
            <line number="50" hits="62" branch="false"/>
            <line number="52" hits="62" branch="true" condition-coverage="100% (4/4)"/>
            <line number="53" hits="2" branch="false"/>
            <line number="55" hits="60" branch="true" condition-coverage="100% (2/2)"/>
            <line number="56" hits="4" branch="false"/>
            <line number="65" hits="56" branch="false"/>
            <line number="76" hits="60" branch="true" condition-coverage="100% (4/4)"/>
            <line number="77" hits="38" branch="false"/>
          </lines>
        </class>
        <class name="delegate.js" filename="packages\evershop\src\lib\middleware\delegate.js" line-rate="0.7692" branch-rate="0.875">
          <methods>
            <method name="getDelegates" hits="62" signature="()V">
              <lines>
                <line number="1" hits="62"/>
              </lines>
            </method>
            <method name="setDelegate" hits="59" signature="()V">
              <lines>
                <line number="5" hits="59"/>
              </lines>
            </method>
          </methods>
          <lines>
            <line number="1" hits="7" branch="false"/>
            <line number="2" hits="62" branch="true" condition-coverage="100% (4/4)"/>
            <line number="5" hits="7" branch="false"/>
            <line number="6" hits="59" branch="true" condition-coverage="50% (1/2)"/>
            <line number="7" hits="59" branch="true" condition-coverage="100% (2/2)"/>
            <line number="8" hits="53" branch="false"/>
            <line number="10" hits="6" branch="false"/>
            <line number="11" hits="6" branch="false"/>
            <line number="14" hits="0" branch="false"/>
            <line number="15" hits="0" branch="false"/>
            <line number="16" hits="0" branch="false"/>
            <line number="20" hits="7" branch="false"/>
            <line number="22" hits="7" branch="false"/>
          </lines>
        </class>
        <class name="eNext.js" filename="packages\evershop\src\lib\middleware\eNext.js" line-rate="1" branch-rate="1">
          <methods>
            <method name="noop" hits="1" signature="()V">
              <lines>
                <line number="3" hits="1"/>
              </lines>
            </method>
            <method name="eNext" hits="60" signature="()V">
              <lines>
                <line number="5" hits="60"/>
              </lines>
            </method>
            <method name="(anonymous_2)" hits="19" signature="()V">
              <lines>
                <line number="6" hits="19"/>
              </lines>
            </method>
          </methods>
          <lines>
            <line number="1" hits="7" branch="false"/>
            <line number="6" hits="60" branch="false"/>
            <line number="7" hits="19" branch="true" condition-coverage="100% (2/2)"/>
            <line number="9" hits="18" branch="true" condition-coverage="100% (2/2)"/>
            <line number="11" hits="1" branch="false"/>
            <line number="16" hits="7" branch="false"/>
          </lines>
        </class>
        <class name="findDublicatedMiddleware.js" filename="packages\evershop\src\lib\middleware\findDublicatedMiddleware.js" line-rate="1" branch-rate="1">
          <methods>
            <method name="findDublicatedMiddleware" hits="298" signature="()V">
              <lines>
                <line number="4" hits="298"/>
              </lines>
            </method>
            <method name="(anonymous_1)" hits="6502" signature="()V">
              <lines>
                <line number="9" hits="6502"/>
              </lines>
            </method>
          </methods>
          <lines>
            <line number="2" hits="8" branch="false"/>
            <line number="4" hits="8" branch="false"/>
            <line number="8" hits="298" branch="false"/>
            <line number="10" hits="6502" branch="true" condition-coverage="100% (9/9)"/>
          </lines>
        </class>
        <class name="getRouteFromPath.js" filename="packages\evershop\src\lib\middleware\getRouteFromPath.js" line-rate="1" branch-rate="1">
          <methods>
            <method name="(anonymous_0)" hits="298" signature="()V">
              <lines>
                <line number="5" hits="298"/>
              </lines>
            </method>
            <method name="(anonymous_1)" hits="8" signature="()V">
              <lines>
                <line number="35" hits="8"/>
              </lines>
            </method>
          </methods>
          <lines>
            <line number="3" hits="7" branch="false"/>
            <line number="5" hits="7" branch="false"/>
            <line number="6" hits="298" branch="false"/>
            <line number="9" hits="298" branch="true" condition-coverage="100% (2/2)"/>
            <line number="10" hits="61" branch="false"/>
            <line number="21" hits="237" branch="false"/>
            <line number="22" hits="237" branch="true" condition-coverage="100% (2/2)"/>
            <line number="23" hits="61" branch="false"/>
            <line number="24" hits="61" branch="false"/>
            <line number="25" hits="61" branch="false"/>
            <line number="26" hits="176" branch="true" condition-coverage="100% (4/4)"/>
            <line number="27" hits="16" branch="false"/>
            <line number="28" hits="160" branch="true" condition-coverage="100% (2/2)"/>
            <line number="32" hits="158" branch="false"/>
            <line number="33" hits="158" branch="false"/>
            <line number="34" hits="158" branch="true" condition-coverage="100% (2/2)"/>
            <line number="35" hits="8" branch="false"/>
            <line number="37" hits="154" branch="false"/>
            <line number="40" hits="2" branch="false"/>
            <line number="43" hits="235" branch="false"/>
          </lines>
        </class>
        <class name="index.js" filename="packages\evershop\src\lib\middleware\index.js" line-rate="0.8809" branch-rate="0.625">
          <methods>
            <method name="getAdminMiddlewares" hits="0" signature="()V">
              <lines>
                <line number="13" hits="0"/>
              </lines>
            </method>
            <method name="(anonymous_1)" hits="0" signature="()V">
              <lines>
                <line number="16" hits="0"/>
              </lines>
            </method>
            <method name="getFrontMiddlewares" hits="0" signature="()V">
              <lines>
                <line number="22" hits="0"/>
              </lines>
            </method>
            <method name="(anonymous_3)" hits="0" signature="()V">
              <lines>
                <line number="25" hits="0"/>
              </lines>
            </method>
            <method name="getModuleMiddlewares" hits="48" signature="()V">
              <lines>
                <line number="39" hits="48"/>
              </lines>
            </method>
            <method name="(anonymous_5)" hits="60" signature="()V">
              <lines>
                <line number="44" hits="60"/>
              </lines>
            </method>
            <method name="(anonymous_6)" hits="18" signature="()V">
              <lines>
                <line number="54" hits="18"/>
              </lines>
            </method>
            <method name="(anonymous_7)" hits="18" signature="()V">
              <lines>
                <line number="55" hits="18"/>
              </lines>
            </method>
            <method name="(anonymous_8)" hits="18" signature="()V">
              <lines>
                <line number="56" hits="18"/>
              </lines>
            </method>
            <method name="(anonymous_9)" hits="30" signature="()V">
              <lines>
                <line number="59" hits="30"/>
              </lines>
            </method>
            <method name="(anonymous_10)" hits="42" signature="()V">
              <lines>
                <line number="70" hits="42"/>
              </lines>
            </method>
            <method name="(anonymous_11)" hits="42" signature="()V">
              <lines>
                <line number="71" hits="42"/>
              </lines>
            </method>
            <method name="(anonymous_12)" hits="42" signature="()V">
              <lines>
                <line number="72" hits="42"/>
              </lines>
            </method>
            <method name="(anonymous_13)" hits="132" signature="()V">
              <lines>
                <line number="75" hits="132"/>
              </lines>
            </method>
            <method name="(anonymous_14)" hits="30" signature="()V">
              <lines>
                <line number="85" hits="30"/>
              </lines>
            </method>
            <method name="(anonymous_15)" hits="30" signature="()V">
              <lines>
                <line number="86" hits="30"/>
              </lines>
            </method>
            <method name="(anonymous_16)" hits="30" signature="()V">
              <lines>
                <line number="87" hits="30"/>
              </lines>
            </method>
            <method name="(anonymous_17)" hits="60" signature="()V">
              <lines>
                <line number="88" hits="60"/>
              </lines>
            </method>
            <method name="getAllSortedMiddlewares" hits="0" signature="()V">
              <lines>
                <line number="100" hits="0"/>
              </lines>
            </method>
          </methods>
          <lines>
            <line number="1" hits="6" branch="false"/>
            <line number="2" hits="6" branch="false"/>
            <line number="3" hits="6" branch="false"/>
            <line number="4" hits="6" branch="false"/>
            <line number="5" hits="6" branch="false"/>
            <line number="6" hits="6" branch="false"/>
            <line number="9" hits="6" branch="false"/>
            <line number="11" hits="6" branch="false"/>
            <line number="13" hits="6" branch="false"/>
            <line number="14" hits="0" branch="false"/>
            <line number="17" hits="0" branch="true" condition-coverage="0% (0/3)"/>
            <line number="22" hits="6" branch="false"/>
            <line number="23" hits="0" branch="false"/>
            <line number="26" hits="0" branch="true" condition-coverage="0% (0/3)"/>
            <line number="39" hits="6" branch="false"/>
            <line number="40" hits="48" branch="true" condition-coverage="100% (2/2)"/>
            <line number="42" hits="42" branch="true" condition-coverage="100% (2/2)"/>
            <line number="43" hits="18" branch="false"/>
            <line number="45" hits="60" branch="false"/>
            <line number="50" hits="42" branch="true" condition-coverage="100% (2/2)"/>
            <line number="51" hits="12" branch="false"/>
            <line number="54" hits="18" branch="false"/>
            <line number="55" hits="18" branch="false"/>
            <line number="56" hits="12" branch="false"/>
            <line number="57" hits="18" branch="false"/>
            <line number="60" hits="30" branch="false"/>
            <line number="66" hits="42" branch="true" condition-coverage="100% (2/2)"/>
            <line number="67" hits="30" branch="false"/>
            <line number="70" hits="42" branch="false"/>
            <line number="71" hits="42" branch="false"/>
            <line number="72" hits="30" branch="false"/>
            <line number="73" hits="42" branch="false"/>
            <line number="76" hits="132" branch="false"/>
            <line number="83" hits="48" branch="true" condition-coverage="100% (2/2)"/>
            <line number="84" hits="18" branch="false"/>
            <line number="85" hits="30" branch="false"/>
            <line number="86" hits="30" branch="false"/>
            <line number="87" hits="18" branch="false"/>
            <line number="88" hits="30" branch="false"/>
            <line number="89" hits="60" branch="false"/>
            <line number="100" hits="6" branch="false"/>
            <line number="101" hits="0" branch="false"/>
          </lines>
        </class>
        <class name="isErrorHandlerTriggered.js" filename="packages\evershop\src\lib\middleware\isErrorHandlerTriggered.js" line-rate="0.75" branch-rate="0.5">
          <methods>
            <method name="(anonymous_0)" hits="64" signature="()V">
              <lines>
                <line number="1" hits="64"/>
              </lines>
            </method>
          </methods>
          <lines>
            <line number="1" hits="7" branch="false"/>
            <line number="2" hits="64" branch="true" condition-coverage="50% (1/2)"/>
            <line number="3" hits="0" branch="false"/>
            <line number="5" hits="64" branch="false"/>
          </lines>
        </class>
        <class name="noDuplicateId.js" filename="packages\evershop\src\lib\middleware\noDuplicateId.js" line-rate="1" branch-rate="1">
          <methods>
            <method name="noDublicateId" hits="16" signature="()V">
              <lines>
                <line number="14" hits="16"/>
              </lines>
            </method>
          </methods>
          <lines>
            <line number="1" hits="8" branch="false"/>
            <line number="4" hits="8" branch="false"/>
            <line number="14" hits="8" branch="false"/>
            <line number="18" hits="16" branch="true" condition-coverage="100% (2/2)"/>
            <line number="19" hits="14" branch="false"/>
            <line number="21" hits="2" branch="false"/>
          </lines>
        </class>
        <class name="parseFromFile.js" filename="packages\evershop\src\lib\middleware\parseFromFile.js" line-rate="0.9722" branch-rate="0.9615">
          <methods>
            <method name="(anonymous_0)" hits="282" signature="()V">
              <lines>
                <line number="5" hits="282"/>
              </lines>
            </method>
            <method name="(anonymous_1)" hits="90" signature="()V">
              <lines>
                <line number="16" hits="90"/>
              </lines>
            </method>
            <method name="(anonymous_2)" hits="54" signature="()V">
              <lines>
                <line number="26" hits="54"/>
              </lines>
            </method>
            <method name="(anonymous_3)" hits="42" signature="()V">
              <lines>
                <line number="38" hits="42"/>
              </lines>
            </method>
            <method name="(anonymous_4)" hits="42" signature="()V">
              <lines>
                <line number="39" hits="42"/>
              </lines>
            </method>
            <method name="(anonymous_5)" hits="0" signature="()V">
              <lines>
                <line number="65" hits="0"/>
              </lines>
            </method>
          </methods>
          <lines>
            <line number="1" hits="6" branch="false"/>
            <line number="2" hits="6" branch="false"/>
            <line number="3" hits="6" branch="false"/>
            <line number="5" hits="6" branch="false"/>
            <line number="6" hits="282" branch="false"/>
            <line number="7" hits="282" branch="false"/>
            <line number="9" hits="282" branch="true" condition-coverage="100% (2/2)"/>
            <line number="11" hits="90" branch="false"/>
            <line number="12" hits="90" branch="false"/>
            <line number="13" hits="90" branch="false"/>
            <line number="16" hits="90" branch="false"/>
            <line number="19" hits="192" branch="true" condition-coverage="100% (2/2)"/>
            <line number="21" hits="54" branch="false"/>
            <line number="22" hits="54" branch="false"/>
            <line number="23" hits="54" branch="false"/>
            <line number="26" hits="54" branch="false"/>
            <line number="29" hits="138" branch="true" condition-coverage="100% (2/2)"/>
            <line number="33" hits="42" branch="false"/>
            <line number="34" hits="42" branch="false"/>
            <line number="35" hits="42" branch="false"/>
            <line number="38" hits="42" branch="false"/>
            <line number="39" hits="42" branch="false"/>
            <line number="43" hits="96" branch="false"/>
            <line number="44" hits="96" branch="false"/>
            <line number="45" hits="96" branch="false"/>
            <line number="52" hits="282" branch="false"/>
            <line number="53" hits="282" branch="true" condition-coverage="100% (2/2)"/>
            <line number="54" hits="60" branch="true" condition-coverage="100% (4/4)"/>
            <line number="55" hits="48" branch="true" condition-coverage="100% (2/2)"/>
            <line number="56" hits="48" branch="true" condition-coverage="100% (2/2)"/>
            <line number="58" hits="222" branch="true" condition-coverage="100% (4/4)"/>
            <line number="59" hits="210" branch="true" condition-coverage="100% (2/2)"/>
            <line number="60" hits="210" branch="true" condition-coverage="100% (2/2)"/>
            <line number="64" hits="282" branch="true" condition-coverage="50% (1/2)"/>
            <line number="65" hits="0" branch="false"/>
            <line number="72" hits="282" branch="false"/>
          </lines>
        </class>
        <class name="scanForMiddlewareFunctions.js" filename="packages\evershop\src\lib\middleware\scanForMiddlewareFunctions.js" line-rate="1" branch-rate="1">
          <methods>
            <method name="scanForMiddlewareFunctions" hits="108" signature="()V">
              <lines>
                <line number="16" hits="108"/>
              </lines>
            </method>
            <method name="(anonymous_1)" hits="336" signature="()V">
              <lines>
                <line number="20" hits="336"/>
              </lines>
            </method>
            <method name="(anonymous_2)" hits="282" signature="()V">
              <lines>
                <line number="25" hits="282"/>
              </lines>
            </method>
          </methods>
          <lines>
            <line number="2" hits="6" branch="false"/>
            <line number="3" hits="6" branch="false"/>
            <line number="4" hits="6" branch="false"/>
            <line number="7" hits="6" branch="false"/>
            <line number="16" hits="6" branch="false"/>
            <line number="17" hits="108" branch="false"/>
            <line number="18" hits="108" branch="false"/>
            <line number="21" hits="336" branch="true" condition-coverage="100% (3/3)"/>
            <line number="26" hits="282" branch="false"/>
            <line number="27" hits="282" branch="false"/>
            <line number="30" hits="108" branch="false"/>
          </lines>
        </class>
        <class name="sort.js" filename="packages\evershop\src\lib\middleware\sort.js" line-rate="0.95" branch-rate="0.7777">
          <methods>
            <method name="sortMiddlewares" hits="8" signature="()V">
              <lines>
                <line number="13" hits="8"/>
              </lines>
            </method>
            <method name="(anonymous_1)" hits="113" signature="()V">
              <lines>
                <line number="14" hits="113"/>
              </lines>
            </method>
            <method name="(anonymous_2)" hits="202" signature="()V">
              <lines>
                <line number="18" hits="202"/>
              </lines>
            </method>
            <method name="(anonymous_3)" hits="1177" signature="()V">
              <lines>
                <line number="22" hits="1177"/>
              </lines>
            </method>
            <method name="(anonymous_4)" hits="113" signature="()V">
              <lines>
                <line number="39" hits="113"/>
              </lines>
            </method>
            <method name="(anonymous_5)" hits="113" signature="()V">
              <lines>
                <line number="43" hits="113"/>
              </lines>
            </method>
            <method name="(anonymous_6)" hits="517" signature="()V">
              <lines>
                <line number="44" hits="517"/>
              </lines>
            </method>
          </methods>
          <lines>
            <line number="1" hits="6" branch="false"/>
            <line number="4" hits="6" branch="false"/>
            <line number="13" hits="6" branch="true" condition-coverage="0% (0/1)"/>
            <line number="14" hits="8" branch="false"/>
            <line number="15" hits="113" branch="true" condition-coverage="50% (1/2)"/>
            <line number="16" hits="113" branch="true" condition-coverage="100% (4/4)"/>
            <line number="17" hits="113" branch="false"/>
            <line number="18" hits="113" branch="false"/>
            <line number="19" hits="202" branch="true" condition-coverage="50% (1/2)"/>
            <line number="23" hits="1177" branch="true" condition-coverage="85.71428571428571% (6/7)"/>
            <line number="32" hits="0" branch="false"/>
            <line number="36" hits="113" branch="false"/>
            <line number="38" hits="8" branch="false"/>
            <line number="39" hits="8" branch="false"/>
            <line number="40" hits="113" branch="false"/>
            <line number="43" hits="8" branch="false"/>
            <line number="44" hits="517" branch="false"/>
            <line number="45" hits="113" branch="false"/>
            <line number="46" hits="113" branch="false"/>
            <line number="47" hits="113" branch="false"/>
          </lines>
        </class>
        <class name="sync.js" filename="packages\evershop\src\lib\middleware\sync.js" line-rate="1" branch-rate="1">
          <methods>
            <method name="syncMiddlewareWrapper" hits="56" signature="()V">
              <lines>
                <line number="8" hits="56"/>
              </lines>
            </method>
            <method name="(anonymous_1)" hits="16" signature="()V">
              <lines>
                <line number="25" hits="16"/>
              </lines>
            </method>
          </methods>
          <lines>
            <line number="1" hits="7" branch="false"/>
            <line number="2" hits="7" branch="false"/>
            <line number="3" hits="7" branch="false"/>
            <line number="6" hits="7" branch="false"/>
            <line number="8" hits="7" branch="false"/>
            <line number="16" hits="56" branch="false"/>
            <line number="17" hits="56" branch="false"/>
            <line number="19" hits="56" branch="false"/>
            <line number="22" hits="56" branch="false"/>
            <line number="24" hits="56" branch="true" condition-coverage="100% (2/2)"/>
            <line number="25" hits="19" branch="false"/>
            <line number="26" hits="16" branch="false"/>
            <line number="27" hits="16" branch="false"/>
            <line number="28" hits="16" branch="false"/>
            <line number="31" hits="37" branch="false"/>
            <line number="32" hits="36" branch="false"/>
            <line number="33" hits="36" branch="false"/>
            <line number="35" hits="55" branch="false"/>
            <line number="38" hits="1" branch="false"/>
            <line number="42" hits="1" branch="false"/>
            <line number="45" hits="1" branch="false"/>
          </lines>
        </class>
      </classes>
    </package>
    <package name="evershop.src.lib.middleware.tests.app" line-rate="0.9259000000000001" branch-rate="1">
      <classes>
        <class name="app.js" filename="packages\evershop\src\lib\middleware\tests\app\app.js" line-rate="0.9259000000000001" branch-rate="1">
          <methods>
            <method name="(anonymous_0)" hits="48" signature="()V">
              <lines>
                <line number="58" hits="48"/>
              </lines>
            </method>
            <method name="(anonymous_1)" hits="60" signature="()V">
              <lines>
                <line number="82" hits="60"/>
              </lines>
            </method>
            <method name="(anonymous_2)" hits="5" signature="()V">
              <lines>
                <line number="88" hits="5"/>
              </lines>
            </method>
            <method name="(anonymous_3)" hits="5" signature="()V">
              <lines>
                <line number="93" hits="5"/>
              </lines>
            </method>
          </methods>
          <lines>
            <line number="4" hits="6" branch="false"/>
            <line number="7" hits="6" branch="false"/>
            <line number="8" hits="6" branch="false"/>
            <line number="11" hits="6" branch="false"/>
            <line number="12" hits="6" branch="false"/>
            <line number="13" hits="6" branch="false"/>
            <line number="14" hits="6" branch="false"/>
            <line number="15" hits="6" branch="false"/>
            <line number="16" hits="6" branch="false"/>
            <line number="19" hits="6" branch="false"/>
            <line number="22" hits="6" branch="false"/>
            <line number="58" hits="6" branch="false"/>
            <line number="59" hits="48" branch="false"/>
            <line number="61" hits="48" branch="false"/>
            <line number="63" hits="48" branch="false"/>
            <line number="65" hits="0" branch="false"/>
            <line number="66" hits="0" branch="false"/>
            <line number="72" hits="6" branch="false"/>
            <line number="75" hits="6" branch="false"/>
            <line number="78" hits="6" branch="false"/>
            <line number="82" hits="6" branch="false"/>
            <line number="83" hits="60" branch="false"/>
            <line number="86" hits="6" branch="false"/>
            <line number="89" hits="5" branch="false"/>
            <line number="90" hits="5" branch="false"/>
            <line number="91" hits="5" branch="false"/>
            <line number="94" hits="5" branch="false"/>
          </lines>
        </class>
      </classes>
    </package>
    <package name="evershop.src.lib.middleware.tests.app.modules.404page.pages.frontStore.product" line-rate="0.8181" branch-rate="1">
      <classes>
        <class name="[loadProduct]loadCategory.js" filename="packages\evershop\src\lib\middleware\tests\app\modules\404page\pages\frontStore\product\[loadProduct]loadCategory.js" line-rate="1" branch-rate="1">
          <methods>
            <method name="(anonymous_0)" hits="0" signature="()V">
              <lines>
                <line number="3" hits="0"/>
              </lines>
            </method>
          </methods>
          <lines>
            <line number="1" hits="1" branch="false"/>
            <line number="3" hits="1" branch="false"/>
          </lines>
        </class>
        <class name="[loadProduct]loadProductImage.js" filename="packages\evershop\src\lib\middleware\tests\app\modules\404page\pages\frontStore\product\[loadProduct]loadProductImage.js" line-rate="0.6666" branch-rate="1">
          <methods>
            <method name="(anonymous_0)" hits="0" signature="()V">
              <lines>
                <line number="3" hits="0"/>
              </lines>
            </method>
          </methods>
          <lines>
            <line number="1" hits="1" branch="false"/>
            <line number="3" hits="1" branch="false"/>
            <line number="4" hits="0" branch="false"/>
          </lines>
        </class>
        <class name="loadProduct.js" filename="packages\evershop\src\lib\middleware\tests\app\modules\404page\pages\frontStore\product\loadProduct.js" line-rate="0.8332999999999999" branch-rate="1">
          <methods>
            <method name="(anonymous_0)" hits="1" signature="()V">
              <lines>
                <line number="3" hits="1"/>
              </lines>
            </method>
          </methods>
          <lines>
            <line number="1" hits="1" branch="false"/>
            <line number="3" hits="1" branch="false"/>
            <line number="4" hits="1" branch="false"/>
            <line number="5" hits="1" branch="false"/>
            <line number="6" hits="1" branch="false"/>
            <line number="8" hits="0" branch="false"/>
          </lines>
        </class>
      </classes>
    </package>
    <package name="evershop.src.lib.middleware.tests.app.modules.api.api.createA" line-rate="1" branch-rate="1">
      <classes>
        <class name="index.js" filename="packages\evershop\src\lib\middleware\tests\app\modules\api\api\createA\index.js" line-rate="1" branch-rate="1">
          <methods>
            <method name="(anonymous_0)" hits="1" signature="()V">
              <lines>
                <line number="3" hits="1"/>
              </lines>
            </method>
          </methods>
          <lines>
            <line number="1" hits="1" branch="false"/>
            <line number="3" hits="1" branch="false"/>
          </lines>
        </class>
      </classes>
    </package>
    <package name="evershop.src.lib.middleware.tests.app.modules.api.api.global" line-rate="1" branch-rate="1">
      <classes>
        <class name="apiGlobal.js" filename="packages\evershop\src\lib\middleware\tests\app\modules\api\api\global\apiGlobal.js" line-rate="1" branch-rate="1">
          <methods>
            <method name="(anonymous_0)" hits="1" signature="()V">
              <lines>
                <line number="3" hits="1"/>
              </lines>
            </method>
          </methods>
          <lines>
            <line number="1" hits="1" branch="false"/>
            <line number="3" hits="1" branch="false"/>
          </lines>
        </class>
      </classes>
    </package>
    <package name="evershop.src.lib.middleware.tests.app.modules.authcopy.api.createA" line-rate="1" branch-rate="1">
      <classes>
        <class name="[index]afterIndex.js" filename="packages\evershop\src\lib\middleware\tests\app\modules\authcopy\api\createA\[index]afterIndex.js" line-rate="1" branch-rate="1">
          <methods>
            <method name="(anonymous_0)" hits="1" signature="()V">
              <lines>
                <line number="3" hits="1"/>
              </lines>
            </method>
          </methods>
          <lines>
            <line number="1" hits="1" branch="false"/>
            <line number="3" hits="1" branch="false"/>
          </lines>
        </class>
      </classes>
    </package>
    <package name="evershop.src.lib.middleware.tests.app.modules.authcopy.api.global" line-rate="1" branch-rate="1">
      <classes>
        <class name="[context]auth.js" filename="packages\evershop\src\lib\middleware\tests\app\modules\authcopy\api\global\[context]auth.js" line-rate="1" branch-rate="1">
          <methods>
            <method name="(anonymous_0)" hits="1" signature="()V">
              <lines>
                <line number="1" hits="1"/>
              </lines>
            </method>
          </methods>
          <lines>
            <line number="1" hits="1" branch="false"/>
          </lines>
        </class>
        <class name="apiAuthGlobal.js" filename="packages\evershop\src\lib\middleware\tests\app\modules\authcopy\api\global\apiAuthGlobal.js" line-rate="1" branch-rate="1">
          <methods>
            <method name="(anonymous_0)" hits="1" signature="()V">
              <lines>
                <line number="3" hits="1"/>
              </lines>
            </method>
          </methods>
          <lines>
            <line number="1" hits="1" branch="false"/>
            <line number="3" hits="1" branch="false"/>
          </lines>
        </class>
      </classes>
    </package>
    <package name="evershop.src.lib.middleware.tests.app.modules.authcopy.pages.global" line-rate="1" branch-rate="1">
      <classes>
        <class name="[context]auth.js" filename="packages\evershop\src\lib\middleware\tests\app\modules\authcopy\pages\global\[context]auth.js" line-rate="1" branch-rate="1">
          <methods>
            <method name="(anonymous_0)" hits="5" signature="()V">
              <lines>
                <line number="1" hits="5"/>
              </lines>
            </method>
          </methods>
          <lines>
            <line number="1" hits="4" branch="false"/>
          </lines>
        </class>
      </classes>
    </package>
    <package name="evershop.src.lib.middleware.tests.app.modules.basecopy.api.global" line-rate="1" branch-rate="1">
      <classes>
        <class name="[auth]apiResponse[apiErrorHandler].js" filename="packages\evershop\src\lib\middleware\tests\app\modules\basecopy\api\global\[auth]apiResponse[apiErrorHandler].js" line-rate="1" branch-rate="1">
          <methods>
          </methods>
          <lines>
            <line number="1" hits="1" branch="false"/>
            <line number="3" hits="1" branch="false"/>
          </lines>
        </class>
        <class name="[auth]payloadValidate.js" filename="packages\evershop\src\lib\middleware\tests\app\modules\basecopy\api\global\[auth]payloadValidate.js" line-rate="1" branch-rate="1">
          <methods>
          </methods>
          <lines>
            <line number="1" hits="1" branch="false"/>
            <line number="3" hits="1" branch="false"/>
          </lines>
        </class>
[...]
            <line number="403" hits="0" branch="false"/>
            <line number="409" hits="0" branch="false"/>
            <line number="410" hits="0" branch="false"/>
            <line number="414" hits="0" branch="true" condition-coverage="0% (0/2)"/>
            <line number="415" hits="0" branch="false"/>
            <line number="417" hits="0" branch="true" condition-coverage="0% (0/2)"/>
            <line number="423" hits="0" branch="false"/>
            <line number="429" hits="0" branch="false"/>
            <line number="433" hits="0" branch="false"/>
            <line number="434" hits="0" branch="false"/>
            <line number="438" hits="0" branch="true" condition-coverage="0% (0/2)"/>
            <line number="439" hits="0" branch="false"/>
            <line number="441" hits="0" branch="false"/>
            <line number="445" hits="0" branch="false"/>
            <line number="446" hits="0" branch="false"/>
            <line number="447" hits="0" branch="false"/>
            <line number="453" hits="0" branch="false"/>
            <line number="454" hits="0" branch="false"/>
            <line number="458" hits="0" branch="false"/>
            <line number="459" hits="0" branch="true" condition-coverage="0% (0/2)"/>
            <line number="460" hits="0" branch="false"/>
            <line number="464" hits="0" branch="true" condition-coverage="0% (0/2)"/>
            <line number="465" hits="0" branch="false"/>
            <line number="467" hits="0" branch="false"/>
            <line number="471" hits="0" branch="false"/>
            <line number="472" hits="0" branch="false"/>
            <line number="473" hits="0" branch="false"/>
            <line number="474" hits="0" branch="false"/>
            <line number="480" hits="0" branch="false"/>
            <line number="481" hits="0" branch="false"/>
            <line number="482" hits="0" branch="false"/>
            <line number="490" hits="0" branch="false"/>
            <line number="491" hits="0" branch="false"/>
            <line number="492" hits="0" branch="false"/>
            <line number="493" hits="0" branch="false"/>
            <line number="497" hits="0" branch="true" condition-coverage="0% (0/2)"/>
            <line number="498" hits="0" branch="false"/>
            <line number="500" hits="0" branch="false"/>
            <line number="504" hits="0" branch="true" condition-coverage="0% (0/2)"/>
            <line number="505" hits="0" branch="false"/>
            <line number="507" hits="0" branch="false"/>
            <line number="511" hits="0" branch="false"/>
            <line number="515" hits="0" branch="false"/>
            <line number="519" hits="0" branch="false"/>
            <line number="520" hits="0" branch="false"/>
            <line number="521" hits="0" branch="false"/>
            <line number="522" hits="0" branch="false"/>
            <line number="523" hits="0" branch="false"/>
            <line number="524" hits="0" branch="true" condition-coverage="0% (0/2)"/>
            <line number="525" hits="0" branch="false"/>
            <line number="526" hits="0" branch="false"/>
            <line number="529" hits="0" branch="false"/>
            <line number="533" hits="0" branch="true" condition-coverage="0% (0/2)"/>
            <line number="534" hits="0" branch="false"/>
            <line number="536" hits="0" branch="false"/>
            <line number="542" hits="0" branch="false"/>
            <line number="543" hits="0" branch="false"/>
            <line number="544" hits="0" branch="false"/>
            <line number="545" hits="0" branch="false"/>
            <line number="546" hits="0" branch="false"/>
            <line number="547" hits="0" branch="false"/>
            <line number="548" hits="0" branch="false"/>
            <line number="549" hits="0" branch="false"/>
            <line number="550" hits="0" branch="false"/>
            <line number="554" hits="0" branch="false"/>
            <line number="555" hits="0" branch="false"/>
            <line number="559" hits="0" branch="false"/>
            <line number="560" hits="0" branch="false"/>
            <line number="561" hits="0" branch="false"/>
            <line number="565" hits="0" branch="false"/>
            <line number="566" hits="0" branch="false"/>
            <line number="570" hits="0" branch="false"/>
            <line number="571" hits="0" branch="false"/>
            <line number="575" hits="0" branch="false"/>
            <line number="576" hits="0" branch="false"/>
            <line number="580" hits="0" branch="false"/>
            <line number="581" hits="0" branch="false"/>
            <line number="585" hits="0" branch="false"/>
            <line number="586" hits="0" branch="false"/>
            <line number="590" hits="0" branch="false"/>
            <line number="591" hits="0" branch="false"/>
            <line number="592" hits="0" branch="false"/>
            <line number="594" hits="0" branch="false"/>
            <line number="598" hits="0" branch="false"/>
            <line number="599" hits="0" branch="false"/>
            <line number="603" hits="0" branch="true" condition-coverage="0% (0/2)"/>
            <line number="604" hits="0" branch="false"/>
            <line number="606" hits="0" branch="false"/>
            <line number="607" hits="0" branch="true" condition-coverage="0% (0/2)"/>
            <line number="608" hits="0" branch="false"/>
            <line number="610" hits="0" branch="false"/>
            <line number="621" hits="0" branch="false"/>
            <line number="626" hits="0" branch="false"/>
            <line number="627" hits="0" branch="false"/>
            <line number="628" hits="0" branch="true" condition-coverage="0% (0/2)"/>
            <line number="632" hits="0" branch="true" condition-coverage="0% (0/2)"/>
            <line number="633" hits="0" branch="false"/>
            <line number="635" hits="0" branch="false"/>
            <line number="636" hits="0" branch="false"/>
            <line number="637" hits="0" branch="false"/>
            <line number="638" hits="0" branch="false"/>
            <line number="639" hits="0" branch="false"/>
            <line number="640" hits="0" branch="true" condition-coverage="0% (0/2)"/>
            <line number="641" hits="0" branch="false"/>
            <line number="642" hits="0" branch="false"/>
            <line number="645" hits="0" branch="false"/>
            <line number="646" hits="0" branch="false"/>
            <line number="647" hits="0" branch="false"/>
            <line number="649" hits="0" branch="true" condition-coverage="0% (0/2)"/>
            <line number="650" hits="0" branch="false"/>
            <line number="652" hits="0" branch="true" condition-coverage="0% (0/2)"/>
            <line number="653" hits="0" branch="false"/>
            <line number="654" hits="0" branch="false"/>
            <line number="655" hits="0" branch="true" condition-coverage="0% (0/2)"/>
            <line number="656" hits="0" branch="false"/>
            <line number="657" hits="0" branch="false"/>
            <line number="659" hits="0" branch="true" condition-coverage="0% (0/2)"/>
            <line number="660" hits="0" branch="false"/>
            <line number="661" hits="0" branch="true" condition-coverage="0% (0/2)"/>
            <line number="662" hits="0" branch="false"/>
            <line number="664" hits="0" branch="false"/>
            <line number="666" hits="0" branch="false"/>
            <line number="668" hits="0" branch="false"/>
            <line number="670" hits="0" branch="false"/>
            <line number="673" hits="0" branch="false"/>
            <line number="676" hits="0" branch="true" condition-coverage="0% (0/2)"/>
            <line number="677" hits="0" branch="false"/>
            <line number="683" hits="0" branch="false"/>
            <line number="684" hits="0" branch="false"/>
            <line number="685" hits="0" branch="false"/>
            <line number="686" hits="0" branch="false"/>
            <line number="687" hits="0" branch="false"/>
            <line number="688" hits="0" branch="false"/>
            <line number="689" hits="0" branch="false"/>
            <line number="690" hits="0" branch="false"/>
            <line number="691" hits="0" branch="false"/>
            <line number="692" hits="0" branch="false"/>
            <line number="696" hits="0" branch="false"/>
            <line number="697" hits="0" branch="false"/>
            <line number="701" hits="0" branch="false"/>
            <line number="702" hits="0" branch="false"/>
            <line number="709" hits="0" branch="false"/>
            <line number="710" hits="0" branch="false"/>
            <line number="711" hits="0" branch="false"/>
            <line number="712" hits="0" branch="false"/>
            <line number="716" hits="0" branch="true" condition-coverage="0% (0/4)"/>
            <line number="717" hits="0" branch="false"/>
            <line number="719" hits="0" branch="false"/>
            <line number="720" hits="0" branch="false"/>
            <line number="721" hits="0" branch="false"/>
            <line number="723" hits="0" branch="false"/>
            <line number="724" hits="0" branch="false"/>
            <line number="728" hits="0" branch="false"/>
            <line number="729" hits="0" branch="false"/>
            <line number="733" hits="0" branch="true" condition-coverage="0% (0/2)"/>
            <line number="734" hits="0" branch="false"/>
            <line number="736" hits="0" branch="true" condition-coverage="0% (0/2)"/>
            <line number="737" hits="0" branch="false"/>
            <line number="740" hits="0" branch="false"/>
            <line number="752" hits="0" branch="false"/>
            <line number="753" hits="0" branch="false"/>
            <line number="754" hits="0" branch="true" condition-coverage="0% (0/2)"/>
            <line number="755" hits="0" branch="false"/>
            <line number="756" hits="0" branch="false"/>
            <line number="758" hits="0" branch="true" condition-coverage="0% (0/2)"/>
            <line number="759" hits="0" branch="false"/>
            <line number="761" hits="0" branch="false"/>
            <line number="762" hits="0" branch="false"/>
            <line number="763" hits="0" branch="false"/>
            <line number="766" hits="0" branch="true" condition-coverage="0% (0/2)"/>
            <line number="767" hits="0" branch="false"/>
            <line number="770" hits="0" branch="false"/>
            <line number="778" hits="0" branch="false"/>
            <line number="780" hits="0" branch="false"/>
            <line number="784" hits="0" branch="false"/>
            <line number="785" hits="0" branch="false"/>
            <line number="786" hits="0" branch="true" condition-coverage="0% (0/4)"/>
            <line number="787" hits="0" branch="false"/>
            <line number="789" hits="0" branch="false"/>
            <line number="796" hits="0" branch="false"/>
            <line number="797" hits="0" branch="false"/>
            <line number="798" hits="0" branch="false"/>
            <line number="799" hits="0" branch="false"/>
            <line number="803" hits="0" branch="true" condition-coverage="0% (0/4)"/>
            <line number="804" hits="0" branch="false"/>
            <line number="806" hits="0" branch="false"/>
            <line number="807" hits="0" branch="false"/>
            <line number="808" hits="0" branch="false"/>
            <line number="810" hits="0" branch="false"/>
            <line number="812" hits="0" branch="false"/>
            <line number="816" hits="0" branch="false"/>
            <line number="818" hits="0" branch="false"/>
            <line number="822" hits="0" branch="true" condition-coverage="0% (0/2)"/>
            <line number="823" hits="0" branch="false"/>
            <line number="826" hits="0" branch="true" condition-coverage="0% (0/2)"/>
            <line number="827" hits="0" branch="false"/>
            <line number="830" hits="0" branch="false"/>
            <line number="842" hits="0" branch="false"/>
            <line number="843" hits="0" branch="false"/>
            <line number="844" hits="0" branch="false"/>
            <line number="845" hits="0" branch="true" condition-coverage="0% (0/2)"/>
            <line number="846" hits="0" branch="false"/>
            <line number="847" hits="0" branch="false"/>
            <line number="849" hits="0" branch="true" condition-coverage="0% (0/2)"/>
            <line number="850" hits="0" branch="false"/>
            <line number="852" hits="0" branch="false"/>
            <line number="853" hits="0" branch="false"/>
            <line number="854" hits="0" branch="false"/>
            <line number="855" hits="0" branch="false"/>
            <line number="858" hits="0" branch="false"/>
            <line number="870" hits="0" branch="false"/>
            <line number="872" hits="0" branch="false"/>
            <line number="876" hits="0" branch="false"/>
            <line number="877" hits="0" branch="false"/>
            <line number="878" hits="0" branch="true" condition-coverage="0% (0/2)"/>
            <line number="879" hits="0" branch="false"/>
            <line number="881" hits="0" branch="false"/>
            <line number="888" hits="0" branch="false"/>
            <line number="889" hits="0" branch="false"/>
            <line number="890" hits="0" branch="false"/>
            <line number="891" hits="0" branch="false"/>
            <line number="895" hits="0" branch="true" condition-coverage="0% (0/4)"/>
            <line number="896" hits="0" branch="false"/>
            <line number="898" hits="0" branch="false"/>
            <line number="899" hits="0" branch="false"/>
            <line number="900" hits="0" branch="false"/>
            <line number="902" hits="0" branch="false"/>
            <line number="903" hits="0" branch="false"/>
            <line number="907" hits="0" branch="false"/>
            <line number="908" hits="0" branch="false"/>
            <line number="912" hits="0" branch="true" condition-coverage="0% (0/2)"/>
            <line number="913" hits="0" branch="false"/>
            <line number="916" hits="0" branch="true" condition-coverage="0% (0/2)"/>
            <line number="917" hits="0" branch="false"/>
            <line number="920" hits="0" branch="false"/>
            <line number="934" hits="0" branch="false"/>
            <line number="935" hits="0" branch="false"/>
            <line number="936" hits="0" branch="false"/>
            <line number="937" hits="0" branch="false"/>
            <line number="938" hits="0" branch="false"/>
            <line number="939" hits="0" branch="true" condition-coverage="0% (0/2)"/>
            <line number="940" hits="0" branch="false"/>
            <line number="942" hits="0" branch="true" condition-coverage="0% (0/2)"/>
            <line number="943" hits="0" branch="false"/>
            <line number="945" hits="0" branch="false"/>
            <line number="946" hits="0" branch="false"/>
            <line number="947" hits="0" branch="false"/>
            <line number="948" hits="0" branch="false"/>
            <line number="949" hits="0" branch="false"/>
            <line number="950" hits="0" branch="false"/>
            <line number="951" hits="0" branch="false"/>
            <line number="954" hits="0" branch="false"/>
            <line number="956" hits="0" branch="false"/>
            <line number="970" hits="0" branch="false"/>
            <line number="972" hits="0" branch="false"/>
            <line number="976" hits="0" branch="false"/>
            <line number="977" hits="0" branch="false"/>
            <line number="978" hits="0" branch="true" condition-coverage="0% (0/2)"/>
            <line number="979" hits="0" branch="false"/>
            <line number="981" hits="0" branch="false"/>
            <line number="988" hits="0" branch="false"/>
            <line number="989" hits="0" branch="false"/>
            <line number="993" hits="0" branch="true" condition-coverage="0% (0/2)"/>
            <line number="994" hits="0" branch="false"/>
            <line number="996" hits="0" branch="false"/>
            <line number="1004" hits="6" branch="false"/>
            <line number="1022" hits="0" branch="false"/>
            <line number="1023" hits="0" branch="false"/>
            <line number="1024" hits="0" branch="true" condition-coverage="0% (0/2)"/>
            <line number="1025" hits="0" branch="false"/>
            <line number="1026" hits="0" branch="false"/>
            <line number="1028" hits="0" branch="false"/>
            <line number="1029" hits="0" branch="true" condition-coverage="0% (0/2)"/>
            <line number="1031" hits="0" branch="false"/>
            <line number="1035" hits="0" branch="false"/>
            <line number="1040" hits="0" branch="true" condition-coverage="0% (0/4)"/>
            <line number="1041" hits="0" branch="false"/>
            <line number="1043" hits="0" branch="false"/>
            <line number="1047" hits="0" branch="false"/>
            <line number="1051" hits="0" branch="false"/>
            <line number="1055" hits="0" branch="false"/>
            <line number="1056" hits="0" branch="false"/>
            <line number="1058" hits="0" branch="false"/>
            <line number="1063" hits="0" branch="false"/>
            <line number="1067" hits="0" branch="false"/>
            <line number="1068" hits="0" branch="false"/>
            <line number="1069" hits="0" branch="false"/>
            <line number="1073" hits="0" branch="false"/>
            <line number="1074" hits="0" branch="false"/>
            <line number="1075" hits="0" branch="false"/>
            <line number="1076" hits="0" branch="false"/>
            <line number="1080" hits="0" branch="false"/>
            <line number="1081" hits="0" branch="false"/>
            <line number="1082" hits="0" branch="false"/>
            <line number="1086" hits="0" branch="true" condition-coverage="0% (0/2)"/>
            <line number="1087" hits="0" branch="false"/>
            <line number="1090" hits="0" branch="true" condition-coverage="0% (0/2)"/>
            <line number="1091" hits="0" branch="false"/>
            <line number="1093" hits="0" branch="false"/>
            <line number="1097" hits="0" branch="false"/>
            <line number="1101" hits="0" branch="false"/>
            <line number="1108" hits="0" branch="false"/>
          </lines>
        </class>
        <class name="isValueASQL.js" filename="packages\postgres-query-builder\isValueASQL.js" line-rate="0.25" branch-rate="0">
          <methods>
            <method name="isValueASQL" hits="0" signature="()V">
              <lines>
                <line number="1" hits="0"/>
              </lines>
            </method>
          </methods>
          <lines>
            <line number="1" hits="6" branch="false"/>
            <line number="3" hits="0" branch="true" condition-coverage="0% (0/4)"/>
            <line number="4" hits="0" branch="false"/>
            <line number="6" hits="0" branch="false"/>
          </lines>
        </class>
        <class name="toString.js" filename="packages\postgres-query-builder\toString.js" line-rate="0.4" branch-rate="0">
          <methods>
            <method name="toString" hits="0" signature="()V">
              <lines>
                <line number="3" hits="0"/>
              </lines>
            </method>
          </methods>
          <lines>
            <line number="1" hits="6" branch="false"/>
            <line number="3" hits="6" branch="false"/>
            <line number="5" hits="0" branch="true" condition-coverage="0% (0/5)"/>
            <line number="7" hits="0" branch="false"/>
            <line number="9" hits="0" branch="false"/>
          </lines>
        </class>
      </classes>
    </package>
  </packages>
</coverage>
